[    2069ms] [ERROR] Usercentrics [ApiService - fetchCmpData]: Failed to fetch CMP data from: 1/cmp/en/GDPR/YZ8U721MC/20.7.97/20.7.97?isOutsideEu=true&ruleSetNoShow=true @ https://web.cmp.usercentrics.eu/ui/loader.js:0
[    2070ms] [ERROR] Usercentrics [WebSdk - init]: Failed to fetch CMP data Error: No CMP data
    at u.<anonymous> (https://web.cmp.usercentrics.eu/ui/v/3.106.0/WebSdk.lib.91f0d3cd.js:1:21689)
    at Object.<anonymous> (https://web.cmp.usercentrics.eu/ui/loader.js:1:2291)
    at n (https://web.cmp.usercentrics.eu/ui/loader.js:1:849)
    at c (https://web.cmp.usercentrics.eu/ui/loader.js:1:1046)
    at u.invoke (https://home.plus.heidelberg.com/polyfills-5FDKUQTZ.js:1:6907)
    at N.run (https://home.plus.heidelberg.com/polyfills-5FDKUQTZ.js:1:1782)
    at https://home.plus.heidelberg.com/polyfills-5FDKUQTZ.js:2:553
    at u.invokeTask (https://home.plus.heidelberg.com/polyfills-5FDKUQTZ.js:1:7532)
    at N.runTask (https://home.plus.heidelberg.com/polyfills-5FDKUQTZ.js:1:2422)
    at J (https://home.plus.heidelberg.com/polyfills-5FDKUQTZ.js:1:9601) @ https://web.cmp.usercentrics.eu/ui/loader.js:0
[    2070ms] [ERROR] CMP initialization failed: Error: No CMP data
    at u.<anonymous> (https://web.cmp.usercentrics.eu/ui/v/3.106.0/WebSdk.lib.91f0d3cd.js:1:21689)
    at Object.<anonymous> (https://web.cmp.usercentrics.eu/ui/loader.js:1:2291)
    at n (https://web.cmp.usercentrics.eu/ui/loader.js:1:849)
    at c (https://web.cmp.usercentrics.eu/ui/loader.js:1:1046)
    at u.invoke (https://home.plus.heidelberg.com/polyfills-5FDKUQTZ.js:1:6907)
    at N.run (https://home.plus.heidelberg.com/polyfills-5FDKUQTZ.js:1:1782)
    at https://home.plus.heidelberg.com/polyfills-5FDKUQTZ.js:2:553
    at u.invokeTask (https://home.plus.heidelberg.com/polyfills-5FDKUQTZ.js:1:7532)
    at N.runTask (https://home.plus.heidelberg.com/polyfills-5FDKUQTZ.js:1:2422)
    at J (https://home.plus.heidelberg.com/polyfills-5FDKUQTZ.js:1:9601) @ https://web.cmp.usercentrics.eu/ui/loader.js:0
[    2891ms] [ERROR] Failed to load resource: the server responded with a status of 401 () @ https://login.plus.heidelberg.com/api/v1/person/:0
