[      95ms] [ERROR] Failed to load resource: the server responded with a status of 403 () @ https://dash.cloudflare.com/213159be5315b86b0fda2be2aa5c1809/one/networks/connectors/cloudflare-tunnels/add/cfd_tunnel:0
[    1242ms] [ERROR] %c%d font-size:0;color:transparent NaN @ https://challenges.cloudflare.com/cdn-cgi/challenge-platform/h/g/turnstile/f/ov2/av0/rch/2be7d/0x4AAAAAAADnPIDROrmt1Wwj/light/fbE/new/normal?lang=auto:0
[    1242ms] [ERROR] %c%d font-size:0;color:transparent NaN @ https://challenges.cloudflare.com/cdn-cgi/challenge-platform/h/g/turnstile/f/ov2/av0/rch/2be7d/0x4AAAAAAADnPIDROrmt1Wwj/light/fbE/new/normal?lang=auto:0
[    1243ms] [WARNING] %c%d font-size:0;color:transparent NaN @ https://challenges.cloudflare.com/cdn-cgi/challenge-platform/h/g/turnstile/f/ov2/av0/rch/2be7d/0x4AAAAAAADnPIDROrmt1Wwj/light/fbE/new/normal?lang=auto:0
[    1243ms] [WARNING] %c%d font-size:0;color:transparent NaN @ https://challenges.cloudflare.com/cdn-cgi/challenge-platform/h/g/turnstile/f/ov2/av0/rch/2be7d/0x4AAAAAAADnPIDROrmt1Wwj/light/fbE/new/normal?lang=auto:0
[    1327ms] [ERROR] Failed to load resource: the server responded with a status of 401 () @ https://challenges.cloudflare.com/cdn-cgi/challenge-platform/h/g/pat/9dcac33d7cfae0c4/1773569786741/e6bf519400a61d8250d81d8ea8eb31b9850d976899b8a18645987e0e949d3d92/9vVsuphtASYoLbF:0
[    1392ms] [ERROR]  Note that 'script-src' was not explicitly set, so 'default-src' is used as a fallback. @ https://challenges.cloudflare.com/cdn-cgi/challenge-platform/h/g/turnstile/f/ov2/av0/rch/2be7d/0x4AAAAAAADnPIDROrmt1Wwj/light/fbE/new/normal?lang=auto:0
[    4800ms] [WARNING] The resource https://challenges.cloudflare.com/cdn-cgi/challenge-platform/h/g/cmg/1 was preloaded using link preload but not used within a few seconds from the window's load event. Please make sure it has an appropriate `as` value and it is preloaded intentionally. @ https://challenges.cloudflare.com/cdn-cgi/challenge-platform/h/g/turnstile/f/ov2/av0/rch/2be7d/0x4AAAAAAADnPIDROrmt1Wwj/light/fbE/new/normal?lang=auto:0
[  123889ms] [ERROR] Failed to load resource: the server responded with a status of 403 () @ https://dash.cloudflare.com/213159be5315b86b0fda2be2aa5c1809/one/networks/connectors/cloudflare-tunnels/add/cfd_tunnel:0
[  124894ms] [ERROR] Failed to load resource: the server responded with a status of 401 () @ https://challenges.cloudflare.com/cdn-cgi/challenge-platform/h/g/pat/9dcac6434a98e0b8/1773569910499/2619cf4c02d9884e79ce70885c1c6264103dd75dd271b0aacd8a45a0ab92b463/zD6uuHO5-m7cJOp:0
[  124962ms] [ERROR] %c%d font-size:0;color:transparent NaN @ https://challenges.cloudflare.com/cdn-cgi/challenge-platform/h/g/turnstile/f/ov2/av0/rch/xdroi/0x4AAAAAAADnPIDROrmt1Wwj/light/fbE/new/normal?lang=auto:0
[  124962ms] [ERROR] %c%d font-size:0;color:transparent NaN @ https://challenges.cloudflare.com/cdn-cgi/challenge-platform/h/g/turnstile/f/ov2/av0/rch/xdroi/0x4AAAAAAADnPIDROrmt1Wwj/light/fbE/new/normal?lang=auto:0
[  124964ms] [WARNING] %c%d font-size:0;color:transparent NaN @ https://challenges.cloudflare.com/cdn-cgi/challenge-platform/h/g/turnstile/f/ov2/av0/rch/xdroi/0x4AAAAAAADnPIDROrmt1Wwj/light/fbE/new/normal?lang=auto:0
[  124964ms] [WARNING] %c%d font-size:0;color:transparent NaN @ https://challenges.cloudflare.com/cdn-cgi/challenge-platform/h/g/turnstile/f/ov2/av0/rch/xdroi/0x4AAAAAAADnPIDROrmt1Wwj/light/fbE/new/normal?lang=auto:0
[  125013ms] [ERROR]  Note that 'script-src' was not explicitly set, so 'default-src' is used as a fallback. @ https://challenges.cloudflare.com/cdn-cgi/challenge-platform/h/g/turnstile/f/ov2/av0/rch/xdroi/0x4AAAAAAADnPIDROrmt1Wwj/light/fbE/new/normal?lang=auto:0
[  128432ms] [WARNING] The resource https://challenges.cloudflare.com/cdn-cgi/challenge-platform/h/g/cmg/1 was preloaded using link preload but not used within a few seconds from the window's load event. Please make sure it has an appropriate `as` value and it is preloaded intentionally. @ https://challenges.cloudflare.com/cdn-cgi/challenge-platform/h/g/turnstile/f/ov2/av0/rch/xdroi/0x4AAAAAAADnPIDROrmt1Wwj/light/fbE/new/normal?lang=auto:0
[  245446ms] [ERROR] Failed to load resource: the server responded with a status of 400 () @ https://dash.cloudflare.com/cdn-cgi/challenge-platform/h/g/flow/ov1/310682584:1773567160:pcfGvwe3BtnBNWPVWNTWu8jT2CrxG4ZWtvFG309-rbc/9dcac6418f49e0d0/S_QnPzwYHo51sci8Zo2vpkwyxnx2.vsaW6qQFJplLEw-1773569910-1.2.1.1-UU6F.oj4ECJI7lWcFiNZSaeIa4T6KJ8JN9tvrVNNlyoFBoYErYCW8SzsQr6l.RhB:0
[  249472ms] [ERROR] Failed to load resource: the server responded with a status of 403 () @ https://dash.cloudflare.com/213159be5315b86b0fda2be2aa5c1809/one/networks/connectors/cloudflare-tunnels/add/cfd_tunnel:0
[  250349ms] [ERROR] Failed to load resource: the server responded with a status of 401 () @ https://challenges.cloudflare.com/cdn-cgi/challenge-platform/h/g/pat/9dcac9552acce0d8/1773570036249/2bfe8408e6820fb91724588d63680390b67e9ce21f0e596f55b2e39d839bc6cd/ymJjyG41S8fNZdH:0
[  250679ms] [ERROR]  Note that 'script-src' was not explicitly set, so 'default-src' is used as a fallback. @ https://challenges.cloudflare.com/cdn-cgi/challenge-platform/h/g/turnstile/f/ov2/av0/rch/sqkav/0x4AAAAAAADnPIDROrmt1Wwj/light/fbE/new/normal?lang=auto:0
[  250804ms] [ERROR] %c%d font-size:0;color:transparent NaN @ https://challenges.cloudflare.com/cdn-cgi/challenge-platform/h/g/turnstile/f/ov2/av0/rch/sqkav/0x4AAAAAAADnPIDROrmt1Wwj/light/fbE/new/normal?lang=auto:0
[  250804ms] [ERROR] %c%d font-size:0;color:transparent NaN @ https://challenges.cloudflare.com/cdn-cgi/challenge-platform/h/g/turnstile/f/ov2/av0/rch/sqkav/0x4AAAAAAADnPIDROrmt1Wwj/light/fbE/new/normal?lang=auto:0
[  250806ms] [WARNING] %c%d font-size:0;color:transparent NaN @ https://challenges.cloudflare.com/cdn-cgi/challenge-platform/h/g/turnstile/f/ov2/av0/rch/sqkav/0x4AAAAAAADnPIDROrmt1Wwj/light/fbE/new/normal?lang=auto:0
[  250806ms] [WARNING] %c%d font-size:0;color:transparent NaN @ https://challenges.cloudflare.com/cdn-cgi/challenge-platform/h/g/turnstile/f/ov2/av0/rch/sqkav/0x4AAAAAAADnPIDROrmt1Wwj/light/fbE/new/normal?lang=auto:0
[  254163ms] [WARNING] The resource https://challenges.cloudflare.com/cdn-cgi/challenge-platform/h/g/cmg/1 was preloaded using link preload but not used within a few seconds from the window's load event. Please make sure it has an appropriate `as` value and it is preloaded intentionally. @ https://challenges.cloudflare.com/cdn-cgi/challenge-platform/h/g/turnstile/f/ov2/av0/rch/sqkav/0x4AAAAAAADnPIDROrmt1Wwj/light/fbE/new/normal?lang=auto:0
[  371206ms] [ERROR] Failed to load resource: the server responded with a status of 400 () @ https://dash.cloudflare.com/cdn-cgi/challenge-platform/h/g/flow/ov1/310682584:1773567160:pcfGvwe3BtnBNWPVWNTWu8jT2CrxG4ZWtvFG309-rbc/9dcac95268ace0c4/swh_D.wzyzEgFzPFDl8y8GvDPx4y.kbtTfX.f4AilS4-1773570035-1.2.1.1-kGNJdTDl9SPJi_nxYDSsaykVu9ycKcmnaMWCz95P99ZUoXYln4VWUHPl._N2yVbi:0
[  379246ms] [ERROR] Failed to load resource: the server responded with a status of 403 () @ https://dash.cloudflare.com/213159be5315b86b0fda2be2aa5c1809/one/networks/connectors/cloudflare-tunnels/add/cfd_tunnel:0
[  380251ms] [ERROR] Failed to load resource: the server responded with a status of 401 () @ https://challenges.cloudflare.com/cdn-cgi/challenge-platform/h/g/pat/9dcacc804fcae0d0/1773570166013/a1e4b8ae9e3de00aee9c9afb7320c887e3e8a1d5ba91262b6b64802583308182/cZU_kcraEPauRFM:0
[  380276ms] [ERROR]  Note that 'script-src' was not explicitly set, so 'default-src' is used as a fallback. @ https://challenges.cloudflare.com/cdn-cgi/challenge-platform/h/g/turnstile/f/ov2/av0/rch/rmpmh/0x4AAAAAAADnPIDROrmt1Wwj/light/fbE/new/normal?lang=auto:0
[  380527ms] [ERROR] %c%d font-size:0;color:transparent NaN @ https://challenges.cloudflare.com/cdn-cgi/challenge-platform/h/g/turnstile/f/ov2/av0/rch/rmpmh/0x4AAAAAAADnPIDROrmt1Wwj/light/fbE/new/normal?lang=auto:0
[  380527ms] [ERROR] %c%d font-size:0;color:transparent NaN @ https://challenges.cloudflare.com/cdn-cgi/challenge-platform/h/g/turnstile/f/ov2/av0/rch/rmpmh/0x4AAAAAAADnPIDROrmt1Wwj/light/fbE/new/normal?lang=auto:0
[  380528ms] [WARNING] %c%d font-size:0;color:transparent NaN @ https://challenges.cloudflare.com/cdn-cgi/challenge-platform/h/g/turnstile/f/ov2/av0/rch/rmpmh/0x4AAAAAAADnPIDROrmt1Wwj/light/fbE/new/normal?lang=auto:0
[  380528ms] [WARNING] %c%d font-size:0;color:transparent NaN @ https://challenges.cloudflare.com/cdn-cgi/challenge-platform/h/g/turnstile/f/ov2/av0/rch/rmpmh/0x4AAAAAAADnPIDROrmt1Wwj/light/fbE/new/normal?lang=auto:0
[  383904ms] [WARNING] The resource https://challenges.cloudflare.com/cdn-cgi/challenge-platform/h/g/cmg/1 was preloaded using link preload but not used within a few seconds from the window's load event. Please make sure it has an appropriate `as` value and it is preloaded intentionally. @ https://challenges.cloudflare.com/cdn-cgi/challenge-platform/h/g/turnstile/f/ov2/av0/rch/rmpmh/0x4AAAAAAADnPIDROrmt1Wwj/light/fbE/new/normal?lang=auto:0
